info it worked if it ends with ok
verbose cli [ 'node', '/usr/bin/npm', 'install', 'node-geoip', '-g' ]
info using npm@1.0.26
info using node@v0.4.11
verbose config file /root/.npmrc
verbose config file /usr/etc/npmrc
silly exec /usr/bin/node "/usr/lib/node_modules/npm/bin/npm-get-uid-gid.js" "nobody" 1000
silly output from getuid/gid {"uid":65534,"gid":1000}
silly output from getuid/gid 
verbose into /usr/lib [ 'node-geoip' ]
verbose cache add node-geoip
verbose cache add [ 'node-geoip', null ]
silly cache add: name, spec, args [ undefined, 'node-geoip', [ 'node-geoip', null ] ]
verbose parsed url { pathname: 'node-geoip', href: 'node-geoip' }
info addNamed [ 'node-geoip', '' ]
verbose addNamed [ null, '' ]
verbose GET node-geoip
verbose raw, before any munging node-geoip
verbose url resolving [ 'https://registry.npmjs.org/', './node-geoip' ]
verbose url resolved https://registry.npmjs.org/node-geoip
verbose url parsed { protocol: 'https:',
verbose url parsed   slashes: true,
verbose url parsed   host: 'registry.npmjs.org',
verbose url parsed   hostname: 'registry.npmjs.org',
verbose url parsed   href: 'https://registry.npmjs.org/node-geoip',
verbose url parsed   pathname: '/node-geoip' }
verbose response https://registry.npmjs.org/node-geoip
silly chunk {"error":"not_found","reason":"document not found"}
silly chunk 
silly get cb [ 404,
silly get cb   { server: 'CouchDB/1.1.0 (Erlang OTP/R14B03)',
silly get cb     date: 'Mon, 12 Sep 2011 04:51:48 GMT',
silly get cb     'content-type': 'application/json',
silly get cb     'content-length': '52',
silly get cb     'cache-control': 'must-revalidate' } ]
ERR! 404 'node-geoip' is not in the npm registry.
ERR! 404 You should bug the author to publish it.
ERR! 404 Note that you can also install from a tarball or folder.
ERR! 
ERR! System Linux 3.0.0-10-generic
ERR! command "node" "/usr/bin/npm" "install" "node-geoip" "-g"
ERR! cwd /home/mechanism/SITES/pinax_mobile/apps/pinax-theme-jquerymobile
ERR! node -v v0.4.11
ERR! npm -v 1.0.26
verbose exit [ 1, true ]
